TN:
SF:src/lib/method-fuse.ts
FN:12,(anonymous_14)
FN:33,MethodFuse
FN:40,(anonymous_16)
FN:46,(anonymous_17)
FN:48,(anonymous_18)
FN:51,(anonymous_19)
FN:54,(anonymous_20)
FNF:7
FNH:7
FNDA:1,(anonymous_14)
FNDA:2,MethodFuse
FNDA:3,(anonymous_16)
FNDA:13,(anonymous_17)
FNDA:3,(anonymous_18)
FNDA:2,(anonymous_19)
FNDA:14,(anonymous_20)
DA:1,1
DA:3,1
DA:12,1
DA:14,2
DA:17,2
DA:20,2
DA:23,2
DA:26,2
DA:29,2
DA:31,2
DA:33,2
DA:34,2
DA:35,2
DA:36,2
DA:37,2
DA:40,1
DA:41,3
DA:42,3
DA:43,3
DA:46,13
DA:47,13
DA:48,13
DA:51,1
DA:52,2
DA:54,28
DA:55,14
DA:56,1
DA:57,1
DA:58,1
DA:62,13
DA:63,1
DA:66,1
DA:68,1
DA:69,1
DA:70,1
DA:74,12
DA:77,12
DA:78,12
DA:80,12
DA:83,1
LF:40
LH:40
BRDA:33,0,0,0
BRDA:33,0,1,2
BRDA:34,1,0,2
BRDA:34,1,1,0
BRDA:35,2,0,2
BRDA:35,2,1,0
BRDA:36,3,0,2
BRDA:36,3,1,0
BRDA:37,4,0,0
BRDA:37,4,1,2
BRDA:47,5,0,11
BRDA:47,5,1,2
BRDA:55,6,0,1
BRDA:55,6,1,13
BRDA:62,7,0,1
BRDA:62,7,1,12
BRF:16
BRH:11
end_of_record
